{"/Users/jarod/Projects/wraps-js/packages/email/src/client.ts": {"path":"/Users/jarod/Projects/wraps-js/packages/email/src/client.ts","statementMap":{"0":{"start":{"line":51,"column":4},"end":{"line":51,"column":null}},"1":{"start":{"line":54,"column":4},"end":{"line":61,"column":null}},"2":{"start":{"line":66,"column":4},"end":{"line":66,"column":null}},"3":{"start":{"line":69,"column":15},"end":{"line":69,"column":null}},"4":{"start":{"line":70,"column":15},"end":{"line":70,"column":null}},"5":{"start":{"line":72,"column":4},"end":{"line":81,"column":null}},"6":{"start":{"line":73,"column":6},"end":{"line":77,"column":null}},"7":{"start":{"line":74,"column":8},"end":{"line":76,"column":null}},"8":{"start":{"line":78,"column":23},"end":{"line":78,"column":null}},"9":{"start":{"line":79,"column":6},"end":{"line":79,"column":null}},"10":{"start":{"line":80,"column":6},"end":{"line":80,"column":null}},"11":{"start":{"line":84,"column":4},"end":{"line":86,"column":null}},"12":{"start":{"line":85,"column":6},"end":{"line":85,"column":null}},"13":{"start":{"line":89,"column":20},"end":{"line":130,"column":null}},"14":{"start":{"line":124,"column":62},"end":{"line":127,"column":12}},"15":{"start":{"line":133,"column":4},"end":{"line":142,"column":null}},"16":{"start":{"line":134,"column":23},"end":{"line":134,"column":null}},"17":{"start":{"line":136,"column":6},"end":{"line":139,"column":null}},"18":{"start":{"line":141,"column":6},"end":{"line":141,"column":null}},"19":{"start":{"line":150,"column":4},"end":{"line":150,"column":null}},"20":{"start":{"line":154,"column":4},"end":{"line":162,"column":null}},"21":{"start":{"line":156,"column":6},"end":{"line":161,"column":null}},"22":{"start":{"line":163,"column":4},"end":{"line":163,"column":null}},"23":{"start":{"line":170,"column":51},"end":{"line":170,"column":null}},"24":{"start":{"line":171,"column":20},"end":{"line":194,"column":null}},"25":{"start":{"line":188,"column":62},"end":{"line":191,"column":12}},"26":{"start":{"line":196,"column":4},"end":{"line":204,"column":null}},"27":{"start":{"line":197,"column":23},"end":{"line":197,"column":null}},"28":{"start":{"line":198,"column":6},"end":{"line":201,"column":null}},"29":{"start":{"line":203,"column":6},"end":{"line":203,"column":null}},"30":{"start":{"line":213,"column":4},"end":{"line":217,"column":null}},"31":{"start":{"line":214,"column":6},"end":{"line":216,"column":null}},"32":{"start":{"line":219,"column":20},"end":{"line":250,"column":null}},"33":{"start":{"line":229,"column":59},"end":{"line":229,"column":null}},"34":{"start":{"line":230,"column":8},"end":{"line":241,"column":null}},"35":{"start":{"line":236,"column":75},"end":{"line":239,"column":16}},"36":{"start":{"line":244,"column":62},"end":{"line":247,"column":12}},"37":{"start":{"line":252,"column":4},"end":{"line":265,"column":null}},"38":{"start":{"line":253,"column":23},"end":{"line":253,"column":null}},"39":{"start":{"line":255,"column":6},"end":{"line":262,"column":null}},"40":{"start":{"line":256,"column":45},"end":{"line":260,"column":10}},"41":{"start":{"line":264,"column":6},"end":{"line":264,"column":null}},"42":{"start":{"line":272,"column":20},"end":{"line":279,"column":null}},"43":{"start":{"line":281,"column":4},"end":{"line":285,"column":null}},"44":{"start":{"line":282,"column":6},"end":{"line":282,"column":null}},"45":{"start":{"line":284,"column":6},"end":{"line":284,"column":null}},"46":{"start":{"line":294,"column":27},"end":{"line":294,"column":null}},"47":{"start":{"line":296,"column":4},"end":{"line":301,"column":null}},"48":{"start":{"line":308,"column":20},"end":{"line":315,"column":null}},"49":{"start":{"line":317,"column":4},"end":{"line":321,"column":null}},"50":{"start":{"line":318,"column":6},"end":{"line":318,"column":null}},"51":{"start":{"line":320,"column":6},"end":{"line":320,"column":null}},"52":{"start":{"line":328,"column":20},"end":{"line":330,"column":null}},"53":{"start":{"line":332,"column":4},"end":{"line":345,"column":null}},"54":{"start":{"line":333,"column":23},"end":{"line":333,"column":null}},"55":{"start":{"line":334,"column":23},"end":{"line":334,"column":null}},"56":{"start":{"line":336,"column":6},"end":{"line":342,"column":null}},"57":{"start":{"line":344,"column":6},"end":{"line":344,"column":null}},"58":{"start":{"line":352,"column":20},"end":{"line":354,"column":null}},"59":{"start":{"line":356,"column":4},"end":{"line":365,"column":null}},"60":{"start":{"line":357,"column":23},"end":{"line":357,"column":null}},"61":{"start":{"line":359,"column":6},"end":{"line":362,"column":null}},"62":{"start":{"line":359,"column":60},"end":{"line":362,"column":8}},"63":{"start":{"line":364,"column":6},"end":{"line":364,"column":null}},"64":{"start":{"line":372,"column":20},"end":{"line":374,"column":null}},"65":{"start":{"line":376,"column":4},"end":{"line":380,"column":null}},"66":{"start":{"line":377,"column":6},"end":{"line":377,"column":null}},"67":{"start":{"line":379,"column":6},"end":{"line":379,"column":null}},"68":{"start":{"line":387,"column":4},"end":{"line":387,"column":null}}},"fnMap":{"0":{"name":"(anonymous_0)","decl":{"start":{"line":50,"column":2},"end":{"line":50,"column":14}},"loc":{"start":{"line":50,"column":45},"end":{"line":62,"column":null}},"line":50},"1":{"name":"(anonymous_1)","decl":{"start":{"line":64,"column":8},"end":{"line":64,"column":13}},"loc":{"start":{"line":64,"column":64},"end":{"line":143,"column":null}},"line":64},"2":{"name":"(anonymous_2)","decl":{"start":{"line":124,"column":42},"end":{"line":124,"column":43}},"loc":{"start":{"line":124,"column":62},"end":{"line":127,"column":12}},"line":124},"3":{"name":"(anonymous_3)","decl":{"start":{"line":145,"column":16},"end":{"line":145,"column":null}},"loc":{"start":{"line":147,"column":30},"end":{"line":151,"column":null}},"line":147},"4":{"name":"(anonymous_4)","decl":{"start":{"line":153,"column":10},"end":{"line":153,"column":25}},"loc":{"start":{"line":153,"column":44},"end":{"line":164,"column":null}},"line":153},"5":{"name":"(anonymous_5)","decl":{"start":{"line":169,"column":8},"end":{"line":169,"column":21}},"loc":{"start":{"line":169,"column":75},"end":{"line":205,"column":null}},"line":169},"6":{"name":"(anonymous_6)","decl":{"start":{"line":188,"column":42},"end":{"line":188,"column":43}},"loc":{"start":{"line":188,"column":62},"end":{"line":191,"column":12}},"line":188},"7":{"name":"(anonymous_7)","decl":{"start":{"line":210,"column":8},"end":{"line":210,"column":null}},"loc":{"start":{"line":212,"column":37},"end":{"line":266,"column":null}},"line":212},"8":{"name":"(anonymous_8)","decl":{"start":{"line":228,"column":44},"end":{"line":228,"column":45}},"loc":{"start":{"line":228,"column":54},"end":{"line":242,"column":7}},"line":228},"9":{"name":"(anonymous_9)","decl":{"start":{"line":236,"column":55},"end":{"line":236,"column":56}},"loc":{"start":{"line":236,"column":75},"end":{"line":239,"column":16}},"line":236},"10":{"name":"(anonymous_10)","decl":{"start":{"line":244,"column":42},"end":{"line":244,"column":43}},"loc":{"start":{"line":244,"column":62},"end":{"line":247,"column":12}},"line":244},"11":{"name":"(anonymous_11)","decl":{"start":{"line":256,"column":37},"end":{"line":256,"column":38}},"loc":{"start":{"line":256,"column":45},"end":{"line":260,"column":10}},"line":256},"12":{"name":"(anonymous_12)","decl":{"start":{"line":271,"column":16},"end":{"line":271,"column":31}},"loc":{"start":{"line":271,"column":76},"end":{"line":286,"column":null}},"line":271},"13":{"name":"(anonymous_13)","decl":{"start":{"line":291,"column":16},"end":{"line":291,"column":null}},"loc":{"start":{"line":293,"column":19},"end":{"line":302,"column":null}},"line":293},"14":{"name":"(anonymous_14)","decl":{"start":{"line":307,"column":16},"end":{"line":307,"column":31}},"loc":{"start":{"line":307,"column":76},"end":{"line":322,"column":null}},"line":307},"15":{"name":"(anonymous_15)","decl":{"start":{"line":327,"column":16},"end":{"line":327,"column":28}},"loc":{"start":{"line":327,"column":61},"end":{"line":346,"column":null}},"line":327},"16":{"name":"(anonymous_16)","decl":{"start":{"line":351,"column":16},"end":{"line":351,"column":61}},"loc":{"start":{"line":351,"column":61},"end":{"line":366,"column":null}},"line":351},"17":{"name":"(anonymous_17)","decl":{"start":{"line":359,"column":52},"end":{"line":359,"column":53}},"loc":{"start":{"line":359,"column":60},"end":{"line":362,"column":8}},"line":359},"18":{"name":"(anonymous_18)","decl":{"start":{"line":371,"column":16},"end":{"line":371,"column":31}},"loc":{"start":{"line":371,"column":60},"end":{"line":381,"column":null}},"line":371},"19":{"name":"(anonymous_19)","decl":{"start":{"line":386,"column":2},"end":{"line":386,"column":18}},"loc":{"start":{"line":386,"column":18},"end":{"line":388,"column":null}},"line":386}},"branchMap":{"0":{"loc":{"start":{"line":50,"column":14},"end":{"line":50,"column":45}},"type":"default-arg","locations":[{"start":{"line":50,"column":41},"end":{"line":50,"column":45}}],"line":50},"1":{"loc":{"start":{"line":72,"column":4},"end":{"line":81,"column":null}},"type":"if","locations":[{"start":{"line":72,"column":4},"end":{"line":81,"column":null}},{"start":{},"end":{}}],"line":72},"2":{"loc":{"start":{"line":73,"column":6},"end":{"line":77,"column":null}},"type":"if","locations":[{"start":{"line":73,"column":6},"end":{"line":77,"column":null}},{"start":{},"end":{}}],"line":73},"3":{"loc":{"start":{"line":80,"column":13},"end":{"line":80,"column":null}},"type":"binary-expr","locations":[{"start":{"line":80,"column":13},"end":{"line":80,"column":21}},{"start":{"line":80,"column":21},"end":{"line":80,"column":null}}],"line":80},"4":{"loc":{"start":{"line":84,"column":4},"end":{"line":86,"column":null}},"type":"if","locations":[{"start":{"line":84,"column":4},"end":{"line":86,"column":null}},{"start":{},"end":{}}],"line":84},"5":{"loc":{"start":{"line":84,"column":8},"end":{"line":84,"column":61}},"type":"binary-expr","locations":[{"start":{"line":84,"column":8},"end":{"line":84,"column":30}},{"start":{"line":84,"column":30},"end":{"line":84,"column":61}}],"line":84},"6":{"loc":{"start":{"line":93,"column":21},"end":{"line":95,"column":null}},"type":"cond-expr","locations":[{"start":{"line":93,"column":28},"end":{"line":94,"column":null}},{"start":{"line":95,"column":12},"end":{"line":95,"column":null}}],"line":93},"7":{"loc":{"start":{"line":96,"column":22},"end":{"line":98,"column":null}},"type":"cond-expr","locations":[{"start":{"line":96,"column":29},"end":{"line":97,"column":null}},{"start":{"line":98,"column":12},"end":{"line":98,"column":null}}],"line":96},"8":{"loc":{"start":{"line":100,"column":24},"end":{"line":102,"column":null}},"type":"cond-expr","locations":[{"start":{"line":100,"column":31},"end":{"line":101,"column":null}},{"start":{"line":102,"column":10},"end":{"line":102,"column":null}}],"line":100},"9":{"loc":{"start":{"line":109,"column":16},"end":{"line":114,"column":null}},"type":"cond-expr","locations":[{"start":{"line":110,"column":14},"end":{"line":113,"column":null}},{"start":{"line":114,"column":14},"end":{"line":114,"column":null}}],"line":109},"10":{"loc":{"start":{"line":115,"column":16},"end":{"line":120,"column":null}},"type":"cond-expr","locations":[{"start":{"line":116,"column":14},"end":{"line":119,"column":null}},{"start":{"line":120,"column":14},"end":{"line":120,"column":null}}],"line":115},"11":{"loc":{"start":{"line":123,"column":12},"end":{"line":128,"column":null}},"type":"cond-expr","locations":[{"start":{"line":124,"column":10},"end":{"line":127,"column":null}},{"start":{"line":128,"column":10},"end":{"line":128,"column":null}}],"line":123},"12":{"loc":{"start":{"line":154,"column":4},"end":{"line":162,"column":null}},"type":"if","locations":[{"start":{"line":154,"column":4},"end":{"line":162,"column":null}},{"start":{},"end":{}}],"line":154},"13":{"loc":{"start":{"line":157,"column":8},"end":{"line":157,"column":null}},"type":"binary-expr","locations":[{"start":{"line":157,"column":8},"end":{"line":157,"column":25}},{"start":{"line":157,"column":25},"end":{"line":157,"column":null}}],"line":157},"14":{"loc":{"start":{"line":158,"column":8},"end":{"line":158,"column":null}},"type":"binary-expr","locations":[{"start":{"line":158,"column":8},"end":{"line":158,"column":22}},{"start":{"line":158,"column":22},"end":{"line":158,"column":null}}],"line":158},"15":{"loc":{"start":{"line":159,"column":8},"end":{"line":159,"column":null}},"type":"binary-expr","locations":[{"start":{"line":159,"column":8},"end":{"line":159,"column":37}},{"start":{"line":159,"column":37},"end":{"line":159,"column":null}}],"line":159},"16":{"loc":{"start":{"line":160,"column":8},"end":{"line":160,"column":null}},"type":"binary-expr","locations":[{"start":{"line":160,"column":8},"end":{"line":160,"column":40}},{"start":{"line":160,"column":40},"end":{"line":160,"column":null}}],"line":160},"17":{"loc":{"start":{"line":170,"column":51},"end":{"line":170,"column":null}},"type":"cond-expr","locations":[{"start":{"line":170,"column":78},"end":{"line":170,"column":90}},{"start":{"line":170,"column":90},"end":{"line":170,"column":null}}],"line":170},"18":{"loc":{"start":{"line":175,"column":21},"end":{"line":177,"column":null}},"type":"cond-expr","locations":[{"start":{"line":175,"column":28},"end":{"line":176,"column":null}},{"start":{"line":177,"column":12},"end":{"line":177,"column":null}}],"line":175},"19":{"loc":{"start":{"line":178,"column":22},"end":{"line":180,"column":null}},"type":"cond-expr","locations":[{"start":{"line":178,"column":29},"end":{"line":179,"column":null}},{"start":{"line":180,"column":12},"end":{"line":180,"column":null}}],"line":178},"20":{"loc":{"start":{"line":182,"column":24},"end":{"line":184,"column":null}},"type":"cond-expr","locations":[{"start":{"line":182,"column":31},"end":{"line":183,"column":null}},{"start":{"line":184,"column":10},"end":{"line":184,"column":null}}],"line":182},"21":{"loc":{"start":{"line":187,"column":12},"end":{"line":192,"column":null}},"type":"cond-expr","locations":[{"start":{"line":188,"column":10},"end":{"line":191,"column":null}},{"start":{"line":192,"column":10},"end":{"line":192,"column":null}}],"line":187},"22":{"loc":{"start":{"line":213,"column":4},"end":{"line":217,"column":null}},"type":"if","locations":[{"start":{"line":213,"column":4},"end":{"line":217,"column":null}},{"start":{},"end":{}}],"line":213},"23":{"loc":{"start":{"line":221,"column":24},"end":{"line":223,"column":null}},"type":"cond-expr","locations":[{"start":{"line":221,"column":31},"end":{"line":222,"column":null}},{"start":{"line":223,"column":10},"end":{"line":223,"column":null}}],"line":221},"24":{"loc":{"start":{"line":225,"column":27},"end":{"line":227,"column":null}},"type":"cond-expr","locations":[{"start":{"line":226,"column":10},"end":{"line":226,"column":null}},{"start":{"line":227,"column":10},"end":{"line":227,"column":null}}],"line":225},"25":{"loc":{"start":{"line":229,"column":59},"end":{"line":229,"column":null}},"type":"cond-expr","locations":[{"start":{"line":229,"column":84},"end":{"line":229,"column":94}},{"start":{"line":229,"column":94},"end":{"line":229,"column":null}}],"line":229},"26":{"loc":{"start":{"line":235,"column":27},"end":{"line":240,"column":null}},"type":"cond-expr","locations":[{"start":{"line":236,"column":14},"end":{"line":239,"column":null}},{"start":{"line":240,"column":14},"end":{"line":240,"column":null}}],"line":235},"27":{"loc":{"start":{"line":243,"column":19},"end":{"line":248,"column":null}},"type":"cond-expr","locations":[{"start":{"line":244,"column":10},"end":{"line":247,"column":null}},{"start":{"line":248,"column":10},"end":{"line":248,"column":null}}],"line":243},"28":{"loc":{"start":{"line":359,"column":14},"end":{"line":359,"column":48}},"type":"binary-expr","locations":[{"start":{"line":359,"column":14},"end":{"line":359,"column":44}},{"start":{"line":359,"column":44},"end":{"line":359,"column":48}}],"line":359}},"s":{"0":18,"1":18,"2":4,"3":4,"4":4,"5":4,"6":1,"7":0,"8":1,"9":1,"10":1,"11":4,"12":1,"13":3,"14":0,"15":4,"16":4,"17":2,"18":1,"19":1,"20":1,"21":1,"22":0,"23":2,"24":2,"25":1,"26":2,"27":2,"28":2,"29":0,"30":3,"31":1,"32":2,"33":3,"34":3,"35":1,"36":1,"37":3,"38":3,"39":2,"40":3,"41":0,"42":2,"43":2,"44":2,"45":0,"46":1,"47":1,"48":1,"49":1,"50":1,"51":0,"52":1,"53":1,"54":1,"55":1,"56":1,"57":0,"58":1,"59":1,"60":1,"61":1,"62":2,"63":0,"64":1,"65":1,"66":1,"67":0,"68":1},"f":{"0":18,"1":4,"2":0,"3":1,"4":1,"5":2,"6":1,"7":3,"8":3,"9":1,"10":1,"11":3,"12":2,"13":1,"14":1,"15":1,"16":1,"17":2,"18":1,"19":1},"b":{"0":[18],"1":[1,3],"2":[0,1],"3":[1,1],"4":[1,3],"5":[4,1],"6":[0,3],"7":[0,3],"8":[0,3],"9":[3,0],"10":[1,2],"11":[0,3],"12":[1,0],"13":[1,0],"14":[1,0],"15":[1,0],"16":[1,0],"17":[0,2],"18":[0,2],"19":[0,2],"20":[1,1],"21":[1,1],"22":[1,2],"23":[0,2],"24":[1,1],"25":[0,3],"26":[1,2],"27":[1,1],"28":[1,0]},"meta":{"lastBranch":29,"lastFunction":20,"lastStatement":69,"seen":{"f:50:2:50:14":0,"b:50:41:50:45":0,"s:51:4:51:Infinity":0,"s:54:4:61:Infinity":1,"f:64:8:64:13":1,"s:66:4:66:Infinity":2,"s:69:15:69:Infinity":3,"s:70:15:70:Infinity":4,"b:72:4:81:Infinity:undefined:undefined:undefined:undefined":1,"s:72:4:81:Infinity":5,"b:73:6:77:Infinity:undefined:undefined:undefined:undefined":2,"s:73:6:77:Infinity":6,"s:74:8:76:Infinity":7,"s:78:23:78:Infinity":8,"s:79:6:79:Infinity":9,"s:80:6:80:Infinity":10,"b:80:13:80:21:80:21:80:Infinity":3,"b:84:4:86:Infinity:undefined:undefined:undefined:undefined":4,"s:84:4:86:Infinity":11,"b:84:8:84:30:84:30:84:61":5,"s:85:6:85:Infinity":12,"s:89:20:130:Infinity":13,"b:93:28:94:Infinity:95:12:95:Infinity":6,"b:96:29:97:Infinity:98:12:98:Infinity":7,"b:100:31:101:Infinity:102:10:102:Infinity":8,"b:110:14:113:Infinity:114:14:114:Infinity":9,"b:116:14:119:Infinity:120:14:120:Infinity":10,"b:124:10:127:Infinity:128:10:128:Infinity":11,"f:124:42:124:43":2,"s:124:62:127:12":14,"s:133:4:142:Infinity":15,"s:134:23:134:Infinity":16,"s:136:6:139:Infinity":17,"s:141:6:141:Infinity":18,"f:145:16:145:Infinity":3,"s:150:4:150:Infinity":19,"f:153:10:153:25":4,"b:154:4:162:Infinity:undefined:undefined:undefined:undefined":12,"s:154:4:162:Infinity":20,"s:156:6:161:Infinity":21,"b:157:8:157:25:157:25:157:Infinity":13,"b:158:8:158:22:158:22:158:Infinity":14,"b:159:8:159:37:159:37:159:Infinity":15,"b:160:8:160:40:160:40:160:Infinity":16,"s:163:4:163:Infinity":22,"f:169:8:169:21":5,"s:170:51:170:Infinity":23,"b:170:78:170:90:170:90:170:Infinity":17,"s:171:20:194:Infinity":24,"b:175:28:176:Infinity:177:12:177:Infinity":18,"b:178:29:179:Infinity:180:12:180:Infinity":19,"b:182:31:183:Infinity:184:10:184:Infinity":20,"b:188:10:191:Infinity:192:10:192:Infinity":21,"f:188:42:188:43":6,"s:188:62:191:12":25,"s:196:4:204:Infinity":26,"s:197:23:197:Infinity":27,"s:198:6:201:Infinity":28,"s:203:6:203:Infinity":29,"f:210:8:210:Infinity":7,"b:213:4:217:Infinity:undefined:undefined:undefined:undefined":22,"s:213:4:217:Infinity":30,"s:214:6:216:Infinity":31,"s:219:20:250:Infinity":32,"b:221:31:222:Infinity:223:10:223:Infinity":23,"b:226:10:226:Infinity:227:10:227:Infinity":24,"f:228:44:228:45":8,"s:229:59:229:Infinity":33,"b:229:84:229:94:229:94:229:Infinity":25,"s:230:8:241:Infinity":34,"b:236:14:239:Infinity:240:14:240:Infinity":26,"f:236:55:236:56":9,"s:236:75:239:16":35,"b:244:10:247:Infinity:248:10:248:Infinity":27,"f:244:42:244:43":10,"s:244:62:247:12":36,"s:252:4:265:Infinity":37,"s:253:23:253:Infinity":38,"s:255:6:262:Infinity":39,"f:256:37:256:38":11,"s:256:45:260:10":40,"s:264:6:264:Infinity":41,"f:271:16:271:31":12,"s:272:20:279:Infinity":42,"s:281:4:285:Infinity":43,"s:282:6:282:Infinity":44,"s:284:6:284:Infinity":45,"f:291:16:291:Infinity":13,"s:294:27:294:Infinity":46,"s:296:4:301:Infinity":47,"f:307:16:307:31":14,"s:308:20:315:Infinity":48,"s:317:4:321:Infinity":49,"s:318:6:318:Infinity":50,"s:320:6:320:Infinity":51,"f:327:16:327:28":15,"s:328:20:330:Infinity":52,"s:332:4:345:Infinity":53,"s:333:23:333:Infinity":54,"s:334:23:334:Infinity":55,"s:336:6:342:Infinity":56,"s:344:6:344:Infinity":57,"f:351:16:351:61":16,"s:352:20:354:Infinity":58,"s:356:4:365:Infinity":59,"s:357:23:357:Infinity":60,"s:359:6:362:Infinity":61,"b:359:14:359:44:359:44:359:48":28,"f:359:52:359:53":17,"s:359:60:362:8":62,"s:364:6:364:Infinity":63,"f:371:16:371:31":18,"s:372:20:374:Infinity":64,"s:376:4:380:Infinity":65,"s:377:6:377:Infinity":66,"s:379:6:379:Infinity":67,"f:386:2:386:18":19,"s:387:4:387:Infinity":68}}}
,"/Users/jarod/Projects/wraps-js/packages/email/src/errors.ts": {"path":"/Users/jarod/Projects/wraps-js/packages/email/src/errors.ts","statementMap":{"0":{"start":{"line":3,"column":4},"end":{"line":3,"column":null}},"1":{"start":{"line":4,"column":4},"end":{"line":4,"column":null}},"2":{"start":{"line":12,"column":4},"end":{"line":12,"column":null}},"3":{"start":{"line":13,"column":4},"end":{"line":13,"column":null}},"4":{"start":{"line":14,"column":4},"end":{"line":14,"column":null}},"5":{"start":{"line":29,"column":4},"end":{"line":29,"column":null}},"6":{"start":{"line":30,"column":4},"end":{"line":30,"column":null}},"7":{"start":{"line":31,"column":4},"end":{"line":31,"column":null}},"8":{"start":{"line":32,"column":4},"end":{"line":32,"column":null}},"9":{"start":{"line":33,"column":4},"end":{"line":33,"column":null}}},"fnMap":{"0":{"name":"(anonymous_0)","decl":{"start":{"line":2,"column":2},"end":{"line":2,"column":14}},"loc":{"start":{"line":2,"column":31},"end":{"line":5,"column":null}},"line":2},"1":{"name":"(anonymous_1)","decl":{"start":{"line":11,"column":2},"end":{"line":11,"column":14}},"loc":{"start":{"line":11,"column":47},"end":{"line":15,"column":null}},"line":11},"2":{"name":"(anonymous_2)","decl":{"start":{"line":23,"column":2},"end":{"line":23,"column":null}},"loc":{"start":{"line":28,"column":4},"end":{"line":34,"column":null}},"line":28}},"branchMap":{},"s":{"0":25,"1":25,"2":21,"3":21,"4":21,"5":3,"6":3,"7":3,"8":3,"9":3},"f":{"0":25,"1":21,"2":3},"b":{},"meta":{"lastBranch":0,"lastFunction":3,"lastStatement":10,"seen":{"f:2:2:2:14":0,"s:3:4:3:Infinity":0,"s:4:4:4:Infinity":1,"f:11:2:11:14":1,"s:12:4:12:Infinity":2,"s:13:4:13:Infinity":3,"s:14:4:14:Infinity":4,"f:23:2:23:Infinity":2,"s:29:4:29:Infinity":5,"s:30:4:30:Infinity":6,"s:31:4:31:Infinity":7,"s:32:4:32:Infinity":8,"s:33:4:33:Infinity":9}}}
,"/Users/jarod/Projects/wraps-js/packages/email/src/react.ts": {"path":"/Users/jarod/Projects/wraps-js/packages/email/src/react.ts","statementMap":{"0":{"start":{"line":9,"column":2},"end":{"line":33,"column":null}},"1":{"start":{"line":11,"column":23},"end":{"line":11,"column":null}},"2":{"start":{"line":14,"column":17},"end":{"line":16,"column":null}},"3":{"start":{"line":19,"column":17},"end":{"line":21,"column":null}},"4":{"start":{"line":23,"column":4},"end":{"line":23,"column":null}},"5":{"start":{"line":25,"column":4},"end":{"line":29,"column":null}},"6":{"start":{"line":26,"column":6},"end":{"line":28,"column":null}},"7":{"start":{"line":30,"column":4},"end":{"line":32,"column":null}}},"fnMap":{"0":{"name":"renderReactEmail","decl":{"start":{"line":6,"column":22},"end":{"line":6,"column":null}},"loc":{"start":{"line":8,"column":43},"end":{"line":34,"column":null}},"line":8}},"branchMap":{"0":{"loc":{"start":{"line":25,"column":4},"end":{"line":29,"column":null}},"type":"if","locations":[{"start":{"line":25,"column":4},"end":{"line":29,"column":null}},{"start":{},"end":{}}],"line":25}},"s":{"0":3,"1":3,"2":3,"3":1,"4":1,"5":2,"6":1,"7":1},"f":{"0":3},"b":{"0":[1,1]},"meta":{"lastBranch":1,"lastFunction":1,"lastStatement":8,"seen":{"f:6:22:6:Infinity":0,"s:9:2:33:Infinity":0,"s:11:23:11:Infinity":1,"s:14:17:16:Infinity":2,"s:19:17:21:Infinity":3,"s:23:4:23:Infinity":4,"b:25:4:29:Infinity:undefined:undefined:undefined:undefined":0,"s:25:4:29:Infinity":5,"s:26:6:28:Infinity":6,"s:30:4:32:Infinity":7}}}
,"/Users/jarod/Projects/wraps-js/packages/email/src/utils/credentials.ts": {"path":"/Users/jarod/Projects/wraps-js/packages/email/src/utils/credentials.ts","statementMap":{"0":{"start":{"line":5,"column":28},"end":{"line":7,"column":null}},"1":{"start":{"line":10,"column":2},"end":{"line":16,"column":null}},"2":{"start":{"line":11,"column":4},"end":{"line":15,"column":null}},"3":{"start":{"line":24,"column":2},"end":{"line":26,"column":null}},"4":{"start":{"line":25,"column":4},"end":{"line":25,"column":null}},"5":{"start":{"line":28,"column":2},"end":{"line":28,"column":null}}},"fnMap":{"0":{"name":"createSESClient","decl":{"start":{"line":4,"column":16},"end":{"line":4,"column":32}},"loc":{"start":{"line":4,"column":69},"end":{"line":29,"column":null}},"line":4}},"branchMap":{"0":{"loc":{"start":{"line":6,"column":12},"end":{"line":6,"column":null}},"type":"binary-expr","locations":[{"start":{"line":6,"column":12},"end":{"line":6,"column":29}},{"start":{"line":6,"column":29},"end":{"line":6,"column":null}}],"line":6},"1":{"loc":{"start":{"line":10,"column":2},"end":{"line":16,"column":null}},"type":"if","locations":[{"start":{"line":10,"column":2},"end":{"line":16,"column":null}},{"start":{},"end":{}}],"line":10},"2":{"loc":{"start":{"line":24,"column":2},"end":{"line":26,"column":null}},"type":"if","locations":[{"start":{"line":24,"column":2},"end":{"line":26,"column":null}},{"start":{},"end":{}}],"line":24}},"s":{"0":23,"1":23,"2":2,"3":23,"4":2,"5":23},"f":{"0":23},"b":{"0":[23,3],"1":[2,21],"2":[2,21]},"meta":{"lastBranch":3,"lastFunction":1,"lastStatement":6,"seen":{"f:4:16:4:32":0,"s:5:28:7:Infinity":0,"b:6:12:6:29:6:29:6:Infinity":0,"b:10:2:16:Infinity:undefined:undefined:undefined:undefined":1,"s:10:2:16:Infinity":1,"s:11:4:15:Infinity":2,"b:24:2:26:Infinity:undefined:undefined:undefined:undefined":2,"s:24:2:26:Infinity":3,"s:25:4:25:Infinity":4,"s:28:2:28:Infinity":5}}}
,"/Users/jarod/Projects/wraps-js/packages/email/src/utils/validation.ts": {"path":"/Users/jarod/Projects/wraps-js/packages/email/src/utils/validation.ts","statementMap":{"0":{"start":{"line":10,"column":2},"end":{"line":12,"column":null}},"1":{"start":{"line":11,"column":4},"end":{"line":11,"column":null}},"2":{"start":{"line":14,"column":2},"end":{"line":16,"column":null}},"3":{"start":{"line":15,"column":4},"end":{"line":15,"column":null}},"4":{"start":{"line":18,"column":2},"end":{"line":18,"column":null}},"5":{"start":{"line":27,"column":23},"end":{"line":27,"column":null}},"6":{"start":{"line":28,"column":2},"end":{"line":28,"column":null}},"7":{"start":{"line":36,"column":2},"end":{"line":38,"column":null}},"8":{"start":{"line":37,"column":4},"end":{"line":37,"column":null}},"9":{"start":{"line":40,"column":2},"end":{"line":42,"column":null}},"10":{"start":{"line":41,"column":4},"end":{"line":41,"column":null}},"11":{"start":{"line":44,"column":2},"end":{"line":46,"column":null}},"12":{"start":{"line":45,"column":4},"end":{"line":45,"column":null}},"13":{"start":{"line":49,"column":2},"end":{"line":54,"column":null}},"14":{"start":{"line":50,"column":4},"end":{"line":53,"column":null}},"15":{"start":{"line":56,"column":2},"end":{"line":61,"column":null}},"16":{"start":{"line":57,"column":4},"end":{"line":60,"column":null}},"17":{"start":{"line":64,"column":2},"end":{"line":64,"column":null}},"18":{"start":{"line":66,"column":22},"end":{"line":66,"column":null}},"19":{"start":{"line":67,"column":2},"end":{"line":69,"column":null}},"20":{"start":{"line":68,"column":4},"end":{"line":68,"column":null}},"21":{"start":{"line":71,"column":2},"end":{"line":76,"column":null}},"22":{"start":{"line":72,"column":24},"end":{"line":72,"column":null}},"23":{"start":{"line":73,"column":4},"end":{"line":75,"column":null}},"24":{"start":{"line":74,"column":6},"end":{"line":74,"column":null}},"25":{"start":{"line":78,"column":2},"end":{"line":83,"column":null}},"26":{"start":{"line":79,"column":25},"end":{"line":79,"column":null}},"27":{"start":{"line":80,"column":4},"end":{"line":82,"column":null}},"28":{"start":{"line":81,"column":6},"end":{"line":81,"column":null}},"29":{"start":{"line":85,"column":2},"end":{"line":92,"column":null}},"30":{"start":{"line":86,"column":29},"end":{"line":88,"column":null}},"31":{"start":{"line":89,"column":4},"end":{"line":91,"column":null}},"32":{"start":{"line":90,"column":6},"end":{"line":90,"column":null}},"33":{"start":{"line":102,"column":16},"end":{"line":102,"column":null}},"34":{"start":{"line":104,"column":2},"end":{"line":106,"column":null}},"35":{"start":{"line":105,"column":4},"end":{"line":105,"column":null}},"36":{"start":{"line":109,"column":21},"end":{"line":109,"column":null}},"37":{"start":{"line":110,"column":2},"end":{"line":115,"column":null}},"38":{"start":{"line":111,"column":4},"end":{"line":114,"column":null}}},"fnMap":{"0":{"name":"normalizeEmailAddress","decl":{"start":{"line":7,"column":16},"end":{"line":7,"column":null}},"loc":{"start":{"line":9,"column":10},"end":{"line":19,"column":null}},"line":9},"1":{"name":"normalizeEmailAddresses","decl":{"start":{"line":24,"column":16},"end":{"line":24,"column":null}},"loc":{"start":{"line":26,"column":12},"end":{"line":29,"column":null}},"line":26},"2":{"name":"validateEmailParams","decl":{"start":{"line":34,"column":16},"end":{"line":34,"column":36}},"loc":{"start":{"line":34,"column":67},"end":{"line":93,"column":null}},"line":34},"3":{"name":"(anonymous_3)","decl":{"start":{"line":67,"column":22},"end":{"line":67,"column":23}},"loc":{"start":{"line":68,"column":4},"end":{"line":68,"column":null}},"line":68},"4":{"name":"(anonymous_4)","decl":{"start":{"line":73,"column":24},"end":{"line":73,"column":25}},"loc":{"start":{"line":74,"column":6},"end":{"line":74,"column":null}},"line":74},"5":{"name":"(anonymous_5)","decl":{"start":{"line":80,"column":25},"end":{"line":80,"column":26}},"loc":{"start":{"line":81,"column":6},"end":{"line":81,"column":null}},"line":81},"6":{"name":"(anonymous_6)","decl":{"start":{"line":89,"column":29},"end":{"line":89,"column":30}},"loc":{"start":{"line":90,"column":6},"end":{"line":90,"column":null}},"line":90},"7":{"name":"validateEmailAddress","decl":{"start":{"line":98,"column":9},"end":{"line":98,"column":null}},"loc":{"start":{"line":101,"column":8},"end":{"line":116,"column":null}},"line":101}},"branchMap":{"0":{"loc":{"start":{"line":10,"column":2},"end":{"line":12,"column":null}},"type":"if","locations":[{"start":{"line":10,"column":2},"end":{"line":12,"column":null}},{"start":{},"end":{}}],"line":10},"1":{"loc":{"start":{"line":14,"column":2},"end":{"line":16,"column":null}},"type":"if","locations":[{"start":{"line":14,"column":2},"end":{"line":16,"column":null}},{"start":{},"end":{}}],"line":14},"2":{"loc":{"start":{"line":27,"column":23},"end":{"line":27,"column":null}},"type":"cond-expr","locations":[{"start":{"line":27,"column":50},"end":{"line":27,"column":62}},{"start":{"line":27,"column":62},"end":{"line":27,"column":null}}],"line":27},"3":{"loc":{"start":{"line":36,"column":2},"end":{"line":38,"column":null}},"type":"if","locations":[{"start":{"line":36,"column":2},"end":{"line":38,"column":null}},{"start":{},"end":{}}],"line":36},"4":{"loc":{"start":{"line":40,"column":2},"end":{"line":42,"column":null}},"type":"if","locations":[{"start":{"line":40,"column":2},"end":{"line":42,"column":null}},{"start":{},"end":{}}],"line":40},"5":{"loc":{"start":{"line":44,"column":2},"end":{"line":46,"column":null}},"type":"if","locations":[{"start":{"line":44,"column":2},"end":{"line":46,"column":null}},{"start":{},"end":{}}],"line":44},"6":{"loc":{"start":{"line":49,"column":2},"end":{"line":54,"column":null}},"type":"if","locations":[{"start":{"line":49,"column":2},"end":{"line":54,"column":null}},{"start":{},"end":{}}],"line":49},"7":{"loc":{"start":{"line":49,"column":6},"end":{"line":49,"column":53}},"type":"binary-expr","locations":[{"start":{"line":49,"column":6},"end":{"line":49,"column":22}},{"start":{"line":49,"column":22},"end":{"line":49,"column":39}},{"start":{"line":49,"column":39},"end":{"line":49,"column":53}}],"line":49},"8":{"loc":{"start":{"line":56,"column":2},"end":{"line":61,"column":null}},"type":"if","locations":[{"start":{"line":56,"column":2},"end":{"line":61,"column":null}},{"start":{},"end":{}}],"line":56},"9":{"loc":{"start":{"line":56,"column":6},"end":{"line":56,"column":35}},"type":"binary-expr","locations":[{"start":{"line":56,"column":6},"end":{"line":56,"column":21}},{"start":{"line":56,"column":21},"end":{"line":56,"column":35}}],"line":56},"10":{"loc":{"start":{"line":66,"column":22},"end":{"line":66,"column":null}},"type":"cond-expr","locations":[{"start":{"line":66,"column":49},"end":{"line":66,"column":61}},{"start":{"line":66,"column":61},"end":{"line":66,"column":null}}],"line":66},"11":{"loc":{"start":{"line":71,"column":2},"end":{"line":76,"column":null}},"type":"if","locations":[{"start":{"line":71,"column":2},"end":{"line":76,"column":null}},{"start":{},"end":{}}],"line":71},"12":{"loc":{"start":{"line":72,"column":24},"end":{"line":72,"column":null}},"type":"cond-expr","locations":[{"start":{"line":72,"column":51},"end":{"line":72,"column":63}},{"start":{"line":72,"column":63},"end":{"line":72,"column":null}}],"line":72},"13":{"loc":{"start":{"line":78,"column":2},"end":{"line":83,"column":null}},"type":"if","locations":[{"start":{"line":78,"column":2},"end":{"line":83,"column":null}},{"start":{},"end":{}}],"line":78},"14":{"loc":{"start":{"line":79,"column":25},"end":{"line":79,"column":null}},"type":"cond-expr","locations":[{"start":{"line":79,"column":53},"end":{"line":79,"column":66}},{"start":{"line":79,"column":66},"end":{"line":79,"column":null}}],"line":79},"15":{"loc":{"start":{"line":85,"column":2},"end":{"line":92,"column":null}},"type":"if","locations":[{"start":{"line":85,"column":2},"end":{"line":92,"column":null}},{"start":{},"end":{}}],"line":85},"16":{"loc":{"start":{"line":86,"column":29},"end":{"line":88,"column":null}},"type":"cond-expr","locations":[{"start":{"line":87,"column":8},"end":{"line":87,"column":null}},{"start":{"line":88,"column":8},"end":{"line":88,"column":null}}],"line":86},"17":{"loc":{"start":{"line":102,"column":16},"end":{"line":102,"column":null}},"type":"cond-expr","locations":[{"start":{"line":102,"column":46},"end":{"line":102,"column":56}},{"start":{"line":102,"column":56},"end":{"line":102,"column":null}}],"line":102},"18":{"loc":{"start":{"line":104,"column":2},"end":{"line":106,"column":null}},"type":"if","locations":[{"start":{"line":104,"column":2},"end":{"line":106,"column":null}},{"start":{},"end":{}}],"line":104},"19":{"loc":{"start":{"line":110,"column":2},"end":{"line":115,"column":null}},"type":"if","locations":[{"start":{"line":110,"column":2},"end":{"line":115,"column":null}},{"start":{},"end":{}}],"line":110}},"s":{"0":9,"1":4,"2":5,"3":3,"4":2,"5":4,"6":4,"7":21,"8":2,"9":19,"10":2,"11":17,"12":2,"13":15,"14":2,"15":13,"16":2,"17":11,"18":11,"19":21,"20":8,"21":21,"22":1,"23":1,"24":1,"25":5,"26":1,"27":1,"28":2,"29":4,"30":1,"31":1,"32":1,"33":23,"34":23,"35":2,"36":21,"37":21,"38":6},"f":{"0":9,"1":4,"2":21,"3":8,"4":1,"5":2,"6":1,"7":23},"b":{"0":[4,5],"1":[3,2],"2":[2,2],"3":[2,19],"4":[2,17],"5":[2,15],"6":[2,13],"7":[15,3,3],"8":[2,11],"9":[13,12],"10":[1,6],"11":[1,20],"12":[0,1],"13":[1,4],"14":[1,0],"15":[1,3],"16":[0,1],"17":[19,4],"18":[2,21],"19":[6,15]},"meta":{"lastBranch":20,"lastFunction":8,"lastStatement":39,"seen":{"f:7:16:7:Infinity":0,"b:10:2:12:Infinity:undefined:undefined:undefined:undefined":0,"s:10:2:12:Infinity":0,"s:11:4:11:Infinity":1,"b:14:2:16:Infinity:undefined:undefined:undefined:undefined":1,"s:14:2:16:Infinity":2,"s:15:4:15:Infinity":3,"s:18:2:18:Infinity":4,"f:24:16:24:Infinity":1,"s:27:23:27:Infinity":5,"b:27:50:27:62:27:62:27:Infinity":2,"s:28:2:28:Infinity":6,"f:34:16:34:36":2,"b:36:2:38:Infinity:undefined:undefined:undefined:undefined":3,"s:36:2:38:Infinity":7,"s:37:4:37:Infinity":8,"b:40:2:42:Infinity:undefined:undefined:undefined:undefined":4,"s:40:2:42:Infinity":9,"s:41:4:41:Infinity":10,"b:44:2:46:Infinity:undefined:undefined:undefined:undefined":5,"s:44:2:46:Infinity":11,"s:45:4:45:Infinity":12,"b:49:2:54:Infinity:undefined:undefined:undefined:undefined":6,"s:49:2:54:Infinity":13,"b:49:6:49:22:49:22:49:39:49:39:49:53":7,"s:50:4:53:Infinity":14,"b:56:2:61:Infinity:undefined:undefined:undefined:undefined":8,"s:56:2:61:Infinity":15,"b:56:6:56:21:56:21:56:35":9,"s:57:4:60:Infinity":16,"s:64:2:64:Infinity":17,"s:66:22:66:Infinity":18,"b:66:49:66:61:66:61:66:Infinity":10,"s:67:2:69:Infinity":19,"f:67:22:67:23":3,"s:68:4:68:Infinity":20,"b:71:2:76:Infinity:undefined:undefined:undefined:undefined":11,"s:71:2:76:Infinity":21,"s:72:24:72:Infinity":22,"b:72:51:72:63:72:63:72:Infinity":12,"s:73:4:75:Infinity":23,"f:73:24:73:25":4,"s:74:6:74:Infinity":24,"b:78:2:83:Infinity:undefined:undefined:undefined:undefined":13,"s:78:2:83:Infinity":25,"s:79:25:79:Infinity":26,"b:79:53:79:66:79:66:79:Infinity":14,"s:80:4:82:Infinity":27,"f:80:25:80:26":5,"s:81:6:81:Infinity":28,"b:85:2:92:Infinity:undefined:undefined:undefined:undefined":15,"s:85:2:92:Infinity":29,"s:86:29:88:Infinity":30,"b:87:8:87:Infinity:88:8:88:Infinity":16,"s:89:4:91:Infinity":31,"f:89:29:89:30":6,"s:90:6:90:Infinity":32,"f:98:9:98:Infinity":7,"s:102:16:102:Infinity":33,"b:102:46:102:56:102:56:102:Infinity":17,"b:104:2:106:Infinity:undefined:undefined:undefined:undefined":18,"s:104:2:106:Infinity":34,"s:105:4:105:Infinity":35,"s:109:21:109:Infinity":36,"b:110:2:115:Infinity:undefined:undefined:undefined:undefined":19,"s:110:2:115:Infinity":37,"s:111:4:114:Infinity":38}}}
}
